Results over 10 successful repetitions:
================================================================================

================================================================================
MEAN RELATIVE L2 ERROR (across repetitions)
================================================================================

GP - Mean Relative L2 Error:
  Mean: 2.667133e-01
  Std:  4.592780e-03
  95% CI: ±2.846635e-03
  Range: [2.577714e-01, 2.722182e-01]

MLP - Mean Relative L2 Error:
  Mean: 2.748528e-01
  Std:  8.227742e-03
  95% CI: ±5.099608e-03
  Range: [2.621695e-01, 2.892484e-01]

SCaSML - Mean Relative L2 Error:
  Mean: 1.529055e-01
  Std:  2.957085e-03
  95% CI: ±1.832820e-03
  Range: [1.477879e-01, 1.566474e-01]

================================================================================
MEAN L1 ERROR (across repetitions)
================================================================================

GP - Mean L1 Error:
  Mean: 1.494269e-01
  Std:  2.642143e-03
  95% CI: ±1.637617e-03
  Range: [1.461875e-01, 1.538664e-01]

MLP - Mean L1 Error:
  Mean: 1.090348e-01
  Std:  2.867392e-03
  95% CI: ±1.777228e-03
  Range: [1.037900e-01, 1.131132e-01]

SCaSML - Mean L1 Error:
  Mean: 7.896774e-02
  Std:  1.561312e-03
  95% CI: ±9.677111e-04
  Range: [7.654153e-02, 8.249121e-02]

================================================================================
MEAN L2 ERROR (squared, across repetitions)
================================================================================

GP - Mean L2 Error:
  Mean: 2.886051e-02
  Std:  8.125258e-04
  95% CI: ±5.036087e-04
  Range: [2.797376e-02, 3.045098e-02]

MLP - Mean L2 Error:
  Mean: 3.069001e-02
  Std:  2.157287e-03
  95% CI: ±1.337100e-03
  Range: [2.732986e-02, 3.359336e-02]

SCaSML - Mean L2 Error:
  Mean: 9.487905e-03
  Std:  3.701496e-04
  95% CI: ±2.294211e-04
  Range: [8.976623e-03, 1.026605e-02]

================================================================================
STATISTICAL SIGNIFICANCE TESTS (Paired t-test)
================================================================================

Mean Relative L2 Error:
  GP vs SCaSML: t=141.371669, p=2.253250e-16
  MLP vs SCaSML: t=43.739300, p=8.524829e-12
  GP vs MLP: t=-2.346015, p=4.358869e-02

Mean L1 Error:
  GP vs SCaSML: t=133.636701, p=3.738040e-16
  MLP vs SCaSML: t=35.563263, p=5.435729e-11
  GP vs MLP: t=31.838175, p=1.460937e-10

Mean L2 Error:
  GP vs SCaSML: t=117.946169, p=1.149654e-15
  MLP vs SCaSML: t=31.825223, p=1.466254e-10
  GP vs MLP: t=-2.364905, p=4.226037e-02

================================================================================
TIMING STATISTICS
================================================================================

GP - Execution Time (seconds):
  Mean: 1.625443e+00
  Std:  6.589043e-02
  95% CI: ±4.083931e-02
  Range: [1.490469e+00, 1.705625e+00]

MLP - Execution Time (seconds):
  Mean: 1.230354e+00
  Std:  3.619888e+00
  95% CI: ±2.243630e+00
  Range: [6.962800e-02, 1.153272e+01]

SCaSML - Execution Time (seconds):
  Mean: 6.109491e+01
  Std:  8.807904e-01
  95% CI: ±5.459196e-01
  Range: [5.984158e+01, 6.292662e+01]

================================================================================
Logging results to Weights & Biases...
================================================================================
