Results over 10 successful repetitions:
================================================================================

================================================================================
MEAN RELATIVE L2 ERROR (across repetitions)
================================================================================

GP - Mean Relative L2 Error:
  Mean: 1.456373e-01
  Std:  2.773367e-03
  95% CI: ±1.718951e-03
  Range: [1.425209e-01, 1.501276e-01]

MLP - Mean Relative L2 Error:
  Mean: 1.841112e-01
  Std:  3.390371e-03
  95% CI: ±2.101374e-03
  Range: [1.767752e-01, 1.885815e-01]

SCaSML - Mean Relative L2 Error:
  Mean: 6.162126e-02
  Std:  2.118747e-03
  95% CI: ±1.313213e-03
  Range: [5.801969e-02, 6.500037e-02]

================================================================================
MEAN L1 ERROR (across repetitions)
================================================================================

GP - Mean L1 Error:
  Mean: 6.972816e-02
  Std:  1.386963e-03
  95% CI: ±8.596484e-04
  Range: [6.799543e-02, 7.202560e-02]

MLP - Mean L1 Error:
  Mean: 7.620718e-02
  Std:  1.832896e-03
  95% CI: ±1.136041e-03
  Range: [7.344632e-02, 7.941064e-02]

SCaSML - Mean L1 Error:
  Mean: 2.488198e-02
  Std:  6.779215e-04
  95% CI: ±4.201801e-04
  Range: [2.393406e-02, 2.632519e-02]

================================================================================
MEAN L2 ERROR (squared, across repetitions)
================================================================================

GP - Mean L2 Error:
  Mean: 7.627764e-03
  Std:  3.092563e-04
  95% CI: ±1.916791e-04
  Range: [7.255175e-03, 8.184518e-03]

MLP - Mean L2 Error:
  Mean: 1.219206e-02
  Std:  5.316004e-04
  95% CI: ±3.294893e-04
  Range: [1.134787e-02, 1.284499e-02]

SCaSML - Mean L2 Error:
  Mean: 1.366216e-03
  Std:  9.074914e-05
  95% CI: ±5.624690e-05
  Range: [1.250030e-03, 1.534276e-03]

================================================================================
STATISTICAL SIGNIFICANCE TESTS (Paired t-test)
================================================================================

Mean Relative L2 Error:
  GP vs SCaSML: t=158.145245, p=8.217247e-17
  MLP vs SCaSML: t=80.014985, p=3.765591e-14
  GP vs MLP: t=-21.529535, p=4.735744e-09

Mean L1 Error:
  GP vs SCaSML: t=131.058378, p=4.454070e-16
  MLP vs SCaSML: t=81.707558, p=3.119732e-14
  GP vs MLP: t=-8.627546, p=1.204839e-05

Mean L2 Error:
  GP vs SCaSML: t=79.771424, p=3.870203e-14
  MLP vs SCaSML: t=59.262477, p=5.588631e-13
  GP vs MLP: t=-20.647007, p=6.855405e-09

================================================================================
TIMING STATISTICS
================================================================================

GP - Execution Time (seconds):
  Mean: 1.692208e+00
  Std:  8.487010e-02
  95% CI: ±5.260304e-02
  Range: [1.542742e+00, 1.791684e+00]

MLP - Execution Time (seconds):
  Mean: 1.220177e+00
  Std:  3.526689e+00
  95% CI: ±2.185864e+00
  Range: [9.723902e-02, 1.125728e+01]

SCaSML - Execution Time (seconds):
  Mean: 6.374869e+01
  Std:  1.141080e+00
  95% CI: ±7.072487e-01
  Range: [6.212769e+01, 6.525908e+01]

================================================================================
Logging results to Weights & Biases...
================================================================================
