Results over 10 successful repetitions:
================================================================================

================================================================================
MEAN RELATIVE L2 ERROR (across repetitions)
================================================================================

GP - Mean Relative L2 Error:
  Mean: 2.336915e-01
  Std:  6.220766e-03
  95% CI: ±3.855671e-03
  Range: [2.220558e-01, 2.416397e-01]

MLP - Mean Relative L2 Error:
  Mean: 2.517414e-01
  Std:  8.493184e-03
  95% CI: ±5.264130e-03
  Range: [2.400355e-01, 2.641488e-01]

SCaSML - Mean Relative L2 Error:
  Mean: 1.234031e-01
  Std:  4.694412e-03
  95% CI: ±2.909627e-03
  Range: [1.140214e-01, 1.281453e-01]

================================================================================
MEAN L1 ERROR (across repetitions)
================================================================================

GP - Mean L1 Error:
  Mean: 1.259857e-01
  Std:  2.008571e-03
  95% CI: ±1.244925e-03
  Range: [1.234072e-01, 1.300901e-01]

MLP - Mean L1 Error:
  Mean: 1.005004e-01
  Std:  3.908669e-03
  95% CI: ±2.422618e-03
  Range: [9.432692e-02, 1.067649e-01]

SCaSML - Mean L1 Error:
  Mean: 5.976654e-02
  Std:  1.687246e-03
  95% CI: ±1.045766e-03
  Range: [5.682813e-02, 6.197631e-02]

================================================================================
MEAN L2 ERROR (squared, across repetitions)
================================================================================

GP - Mean L2 Error:
  Mean: 2.149846e-02
  Std:  6.747270e-04
  95% CI: ±4.182001e-04
  Range: [2.048554e-02, 2.259039e-02]

MLP - Mean L2 Error:
  Mean: 2.500313e-02
  Std:  2.049006e-03
  95% CI: ±1.269987e-03
  Range: [2.229146e-02, 2.842294e-02]

SCaSML - Mean L2 Error:
  Mean: 5.995954e-03
  Std:  3.221343e-04
  95% CI: ±1.996609e-04
  Range: [5.401269e-03, 6.413067e-03]

================================================================================
STATISTICAL SIGNIFICANCE TESTS (Paired t-test)
================================================================================

Mean Relative L2 Error:
  GP vs SCaSML: t=173.542855, p=3.561880e-17
  MLP vs SCaSML: t=36.893303, p=3.914113e-11
  GP vs MLP: t=-4.669269, p=1.169798e-03

Mean L1 Error:
  GP vs SCaSML: t=221.566080, p=3.953809e-18
  MLP vs SCaSML: t=26.252934, p=8.151135e-10
  GP vs MLP: t=15.949181, p=6.613590e-08

Mean L2 Error:
  GP vs SCaSML: t=123.679089, p=7.501693e-16
  MLP vs SCaSML: t=27.075936, p=6.193544e-10
  GP vs MLP: t=-4.569197, p=1.348440e-03

================================================================================
TIMING STATISTICS
================================================================================

GP - Execution Time (seconds):
  Mean: 1.589640e+00
  Std:  6.286211e-02
  95% CI: ±3.896234e-02
  Range: [1.504235e+00, 1.728426e+00]

MLP - Execution Time (seconds):
  Mean: 1.124492e+00
  Std:  3.267086e+00
  95% CI: ±2.024961e+00
  Range: [7.414222e-02, 1.042274e+01]

SCaSML - Execution Time (seconds):
  Mean: 5.601306e+01
  Std:  1.215228e+00
  95% CI: ±7.532063e-01
  Range: [5.333028e+01, 5.807592e+01]

================================================================================
Logging results to Weights & Biases...
================================================================================
