Results over 10 successful repetitions:
================================================================================

================================================================================
MEAN RELATIVE L2 ERROR (across repetitions)
================================================================================

GP - Mean Relative L2 Error:
  Mean: 1.844463e-01
  Std:  4.184511e-03
  95% CI: ±2.593587e-03
  Range: [1.764766e-01, 1.911801e-01]

MLP - Mean Relative L2 Error:
  Mean: 2.103576e-01
  Std:  4.186377e-03
  95% CI: ±2.594743e-03
  Range: [2.022820e-01, 2.155638e-01]

SCaSML - Mean Relative L2 Error:
  Mean: 9.498621e-02
  Std:  3.564341e-03
  95% CI: ±2.209201e-03
  Range: [8.992394e-02, 1.019953e-01]

================================================================================
MEAN L1 ERROR (across repetitions)
================================================================================

GP - Mean L1 Error:
  Mean: 9.420108e-02
  Std:  1.344252e-03
  95% CI: ±8.331757e-04
  Range: [9.275081e-02, 9.658528e-02]

MLP - Mean L1 Error:
  Mean: 8.692121e-02
  Std:  2.102693e-03
  95% CI: ±1.303262e-03
  Range: [8.476295e-02, 9.078209e-02]

SCaSML - Mean L1 Error:
  Mean: 4.372239e-02
  Std:  1.372147e-03
  95% CI: ±8.504658e-04
  Range: [4.106113e-02, 4.574522e-02]

================================================================================
MEAN L2 ERROR (squared, across repetitions)
================================================================================

GP - Mean L2 Error:
  Mean: 1.290594e-02
  Std:  4.324800e-04
  95% CI: ±2.680539e-04
  Range: [1.252574e-02, 1.387540e-02]

MLP - Mean L2 Error:
  Mean: 1.680139e-02
  Std:  8.846988e-04
  95% CI: ±5.483420e-04
  Range: [1.521691e-02, 1.810983e-02]

SCaSML - Mean L2 Error:
  Mean: 3.425796e-03
  Std:  2.422011e-04
  95% CI: ±1.501178e-04
  Range: [3.092608e-03, 3.949303e-03]

================================================================================
STATISTICAL SIGNIFICANCE TESTS (Paired t-test)
================================================================================

Mean Relative L2 Error:
  GP vs SCaSML: t=127.365659, p=5.759891e-16
  MLP vs SCaSML: t=66.540560, p=1.974627e-13
  GP vs MLP: t=-11.902432, p=8.254166e-07

Mean L1 Error:
  GP vs SCaSML: t=106.711732, p=2.828510e-15
  MLP vs SCaSML: t=53.273433, p=1.454285e-12
  GP vs MLP: t=7.375847, p=4.209937e-05

Mean L2 Error:
  GP vs SCaSML: t=122.724793, p=8.043012e-16
  MLP vs SCaSML: t=46.492939, p=4.931802e-12
  GP vs MLP: t=-11.188053, p=1.395276e-06

================================================================================
TIMING STATISTICS
================================================================================

GP - Execution Time (seconds):
  Mean: 1.815978e+00
  Std:  8.088678e-01
  95% CI: ±5.013414e-01
  Range: [1.303123e+00, 4.094087e+00]

MLP - Execution Time (seconds):
  Mean: 3.130888e+01
  Std:  6.120534e+00
  95% CI: ±3.793546e+00
  Range: [2.716242e+01, 4.828827e+01]

SCaSML - Execution Time (seconds):
  Mean: 3.461018e+02
  Std:  3.318777e+00
  95% CI: ±2.056999e+00
  Range: [3.398106e+02, 3.504952e+02]

================================================================================
Logging results to Weights & Biases...
================================================================================
