Results over 10 successful repetitions:
================================================================================

================================================================================
MEAN RELATIVE L2 ERROR (across repetitions)
================================================================================

GP - Mean Relative L2 Error:
  Mean: 1.844577e-01
  Std:  4.172001e-03
  95% CI: ±2.585833e-03
  Range: [1.764766e-01, 1.911801e-01]

MLP - Mean Relative L2 Error:
  Mean: 2.268685e-01
  Std:  6.362506e-03
  95% CI: ±3.943522e-03
  Range: [2.170624e-01, 2.378711e-01]

SCaSML - Mean Relative L2 Error:
  Mean: 8.912208e-02
  Std:  3.069263e-03
  95% CI: ±1.902349e-03
  Range: [8.554258e-02, 9.595036e-02]

================================================================================
MEAN L1 ERROR (across repetitions)
================================================================================

GP - Mean L1 Error:
  Mean: 9.421200e-02
  Std:  1.336217e-03
  95% CI: ±8.281958e-04
  Range: [9.275081e-02, 9.658528e-02]

MLP - Mean L1 Error:
  Mean: 9.353407e-02
  Std:  1.823757e-03
  95% CI: ±1.130376e-03
  Range: [9.099026e-02, 9.788528e-02]

SCaSML - Mean L1 Error:
  Mean: 4.011577e-02
  Std:  1.016682e-03
  95% CI: ±6.301463e-04
  Range: [3.831970e-02, 4.202112e-02]

================================================================================
MEAN L2 ERROR (squared, across repetitions)
================================================================================

GP - Mean L2 Error:
  Mean: 1.290780e-02
  Std:  4.313677e-04
  95% CI: ±2.673645e-04
  Range: [1.252574e-02, 1.387540e-02]

MLP - Mean L2 Error:
  Mean: 1.954183e-02
  Std:  1.164818e-03
  95% CI: ±7.219619e-04
  Range: [1.804414e-02, 2.192303e-02]

SCaSML - Mean L2 Error:
  Mean: 3.015444e-03
  Std:  1.961721e-04
  95% CI: ±1.215887e-04
  Range: [2.746073e-03, 3.495050e-03]

================================================================================
STATISTICAL SIGNIFICANCE TESTS (Paired t-test)
================================================================================

Mean Relative L2 Error:
  GP vs SCaSML: t=126.792673, p=5.998312e-16
  MLP vs SCaSML: t=73.060366, p=8.525918e-14
  GP vs MLP: t=-19.101505, p=1.361329e-08

Mean L1 Error:
  GP vs SCaSML: t=129.450422, p=4.977206e-16
  MLP vs SCaSML: t=80.632486, p=3.514169e-14
  GP vs MLP: t=0.827614, p=4.292871e-01

Mean L2 Error:
  GP vs SCaSML: t=109.665089, p=2.212719e-15
  MLP vs SCaSML: t=46.879617, p=4.578816e-12
  GP vs MLP: t=-17.134618, p=3.534639e-08

================================================================================
TIMING STATISTICS
================================================================================

GP - Execution Time (seconds):
  Mean: 1.587510e+00
  Std:  4.568182e-02
  95% CI: ±2.831389e-02
  Range: [1.546246e+00, 1.704153e+00]

MLP - Execution Time (seconds):
  Mean: 1.205378e+00
  Std:  3.514867e+00
  95% CI: ±2.178537e+00
  Range: [7.709908e-02, 1.120881e+01]

SCaSML - Execution Time (seconds):
  Mean: 5.551931e+01
  Std:  1.106725e+00
  95% CI: ±6.859556e-01
  Range: [5.340435e+01, 5.674406e+01]

================================================================================
Logging results to Weights & Biases...
================================================================================
