Total time for GP: 1.5268487930297852 seconds
Total time for MLP: 10.22797417640686 seconds
Total time for ScaSML: 59.33763813972473 seconds
GP rel L2, rho=2-> 0.2401360561644375
MLP rel L2, rho=2-> 0.25717075961402797
ScaSML rel L2, rho=2-> 0.12788541462021166
Real Solution-> 0.6150158203100913
PDE Loss-> min: -0.11407470703125 max: 0.07611083984375 mean: -0.004084189335505167 std: 0.02310405173394526
GP L1, rho=2-> min: 0.0 max: 0.383544921875 mean: 0.1270442939798037 std: 0.07530828119186102 95% CI: ±4.260967e-03
MLP L1, rho=2-> min: 0.0 max: 0.9501953125 mean: 0.09988624811172485 std: 0.12263203267642768 95% CI: ±6.938560e-03
ScaSML L1, rho=2-> min: 0.0 max: 0.28369140625 mean: 0.06113120396931966 std: 0.04948780373614863 95% CI: ±2.800036e-03

Statistical Significance Tests (Paired t-test):
GP vs ScaSML: t-statistic=47.703666, p-value=2.696749e-279
MLP vs ScaSML: t-statistic=10.793923, p-value=5.502479e-26
GP vs MLP: t-statistic=6.460263, p-value=1.516063e-10

GP L2, rho=2-> min: 0.0 max: 0.14710670709609985 mean: 0.021811589848899204 std: 0.022207123692434435 95% CI: ±1.256486e-03
MLP L2, rho=2-> min: 0.0 max: 0.9028711318969727 mean: 0.025015878000189486 std: 0.06826330740750548 95% CI: ±3.862360e-03
ScaSML L2, rho=2-> min: 0.0 max: 0.08048081398010254 mean: 0.00618606681736613 std: 0.009419493657401154 95% CI: ±5.329580e-04

Statistical Significance Tests for L2 (Paired t-test):
GP vs ScaSML: t-statistic=37.424273, p-value=1.033831e-203
MLP vs ScaSML: t-statistic=9.676248, p-value=2.245429e-21
GP vs MLP: t-statistic=-1.560673, p-value=1.188648e-01
GP L2 - ScaSML L2, rho=2-> positive count: 1049 negative count: 148 positive sum: 83.94858086109161 negative sum: -4.852872848510742
MLP L2 - ScaSML L2, rho=2-> positive count: 681 negative count: 515 positive sum: 74.62232971191406 negative sum: -28.116276741027832
GP (L2) - ScaSML (L2), squared errors, rho=2-> positive count: 1049 negative count: 148 positive sum: 19.256186975889037 negative sum: -0.5055593380493519
MLP (L2) - ScaSML (L2), squared errors, rho=2-> positive count: 681 negative count: 515 positive sum: 26.61937349825166 negative sum: -4.0236000788636375
