Results over 10 successful repetitions:
================================================================================

================================================================================
MEAN RELATIVE L2 ERROR (across repetitions)
================================================================================

GP - Mean Relative L2 Error:
  Mean: 1.456373e-01
  Std:  2.773367e-03
  95% CI: ±1.718951e-03
  Range: [1.425209e-01, 1.501276e-01]

MLP - Mean Relative L2 Error:
  Mean: 1.575887e-01
  Std:  4.255779e-03
  95% CI: ±2.637759e-03
  Range: [1.517319e-01, 1.656245e-01]

SCaSML - Mean Relative L2 Error:
  Mean: 6.901072e-02
  Std:  2.439956e-03
  95% CI: ±1.512300e-03
  Range: [6.488654e-02, 7.390670e-02]

================================================================================
MEAN L1 ERROR (across repetitions)
================================================================================

GP - Mean L1 Error:
  Mean: 6.972816e-02
  Std:  1.386963e-03
  95% CI: ±8.596484e-04
  Range: [6.799543e-02, 7.202560e-02]

MLP - Mean L1 Error:
  Mean: 6.631849e-02
  Std:  1.682434e-03
  95% CI: ±1.042784e-03
  Range: [6.362760e-02, 6.972783e-02]

SCaSML - Mean L1 Error:
  Mean: 2.954291e-02
  Std:  8.289140e-04
  95% CI: ±5.137662e-04
  Range: [2.842884e-02, 3.102052e-02]

================================================================================
MEAN L2 ERROR (squared, across repetitions)
================================================================================

GP - Mean L2 Error:
  Mean: 7.627764e-03
  Std:  3.092563e-04
  95% CI: ±1.916791e-04
  Range: [7.255175e-03, 8.184518e-03]

MLP - Mean L2 Error:
  Mean: 8.934446e-03
  Std:  5.078356e-04
  95% CI: ±3.147598e-04
  Range: [8.111933e-03, 9.961415e-03]

SCaSML - Mean L2 Error:
  Mean: 1.713723e-03
  Std:  1.195850e-04
  95% CI: ±7.411955e-05
  Range: [1.563431e-03, 1.983532e-03]

================================================================================
STATISTICAL SIGNIFICANCE TESTS (Paired t-test)
================================================================================

Mean Relative L2 Error:
  GP vs SCaSML: t=100.805265, p=4.720076e-15
  MLP vs SCaSML: t=59.494553, p=5.395904e-13
  GP vs MLP: t=-7.801675, p=2.703530e-05

Mean L1 Error:
  GP vs SCaSML: t=88.447836, p=1.529830e-14
  MLP vs SCaSML: t=70.979703, p=1.105331e-13
  GP vs MLP: t=5.897856, p=2.296812e-04

Mean L2 Error:
  GP vs SCaSML: t=71.176177, p=1.078215e-13
  MLP vs SCaSML: t=44.529991, p=7.260249e-12
  GP vs MLP: t=-7.562149, p=3.460332e-05

================================================================================
TIMING STATISTICS
================================================================================

GP - Execution Time (seconds):
  Mean: 1.666302e+00
  Std:  5.545744e-02
  95% CI: ±3.437288e-02
  Range: [1.590379e+00, 1.797363e+00]

MLP - Execution Time (seconds):
  Mean: 2.762795e+01
  Std:  5.624295e+00
  95% CI: ±3.485974e+00
  Range: [2.425898e+01, 4.329429e+01]

SCaSML - Execution Time (seconds):
  Mean: 3.513795e+02
  Std:  3.600095e+00
  95% CI: ±2.231362e+00
  Range: [3.459710e+02, 3.559861e+02]

================================================================================
Logging results to Weights & Biases...
================================================================================
