Results over 10 successful repetitions:
================================================================================

================================================================================
MEAN RELATIVE L2 ERROR (across repetitions)
================================================================================

GP - Mean Relative L2 Error:
  Mean: 2.667133e-01
  Std:  4.592780e-03
  95% CI: ±2.846635e-03
  Range: [2.577714e-01, 2.722182e-01]

MLP - Mean Relative L2 Error:
  Mean: 2.757937e-01
  Std:  7.332524e-03
  95% CI: ±4.544746e-03
  Range: [2.648399e-01, 2.867445e-01]

SCaSML - Mean Relative L2 Error:
  Mean: 1.604547e-01
  Std:  3.765685e-03
  95% CI: ±2.333996e-03
  Range: [1.540653e-01, 1.643683e-01]

================================================================================
MEAN L1 ERROR (across repetitions)
================================================================================

GP - Mean L1 Error:
  Mean: 1.494269e-01
  Std:  2.642143e-03
  95% CI: ±1.637617e-03
  Range: [1.461875e-01, 1.538664e-01]

MLP - Mean L1 Error:
  Mean: 1.114539e-01
  Std:  2.632797e-03
  95% CI: ±1.631825e-03
  Range: [1.074082e-01, 1.153497e-01]

SCaSML - Mean L1 Error:
  Mean: 8.366123e-02
  Std:  1.802989e-03
  95% CI: ±1.117504e-03
  Range: [8.019821e-02, 8.653479e-02]

================================================================================
MEAN L2 ERROR (squared, across repetitions)
================================================================================

GP - Mean L2 Error:
  Mean: 2.886051e-02
  Std:  8.125258e-04
  95% CI: ±5.036087e-04
  Range: [2.797376e-02, 3.045098e-02]

MLP - Mean L2 Error:
  Mean: 3.088072e-02
  Std:  1.717411e-03
  95% CI: ±1.064463e-03
  Range: [2.780972e-02, 3.316305e-02]

SCaSML - Mean L2 Error:
  Mean: 1.044924e-02
  Std:  4.811260e-04
  95% CI: ±2.982050e-04
  Range: [9.600786e-03, 1.118590e-02]

================================================================================
STATISTICAL SIGNIFICANCE TESTS (Paired t-test)
================================================================================

Mean Relative L2 Error:
  GP vs SCaSML: t=124.929077, p=6.852907e-16
  MLP vs SCaSML: t=59.078248, p=5.747075e-13
  GP vs MLP: t=-3.961006, p=3.299246e-03

Mean L1 Error:
  GP vs SCaSML: t=124.764126, p=6.934838e-16
  MLP vs SCaSML: t=37.174103, p=3.657400e-11
  GP vs MLP: t=36.612979, p=4.190504e-11

Mean L2 Error:
  GP vs SCaSML: t=119.520063, p=1.020433e-15
  MLP vs SCaSML: t=42.921078, p=1.009663e-11
  GP vs MLP: t=-3.924101, p=3.489160e-03

================================================================================
TIMING STATISTICS
================================================================================

GP - Execution Time (seconds):
  Mean: 1.614791e+00
  Std:  9.355715e-02
  95% CI: ±5.798732e-02
  Range: [1.378509e+00, 1.745035e+00]

MLP - Execution Time (seconds):
  Mean: 2.848124e+01
  Std:  5.156482e+00
  95% CI: ±3.196021e+00
  Range: [2.544135e+01, 4.278438e+01]

SCaSML - Execution Time (seconds):
  Mean: 3.782175e+02
  Std:  6.905604e+00
  95% CI: ±4.280138e+00
  Range: [3.713047e+02, 3.896741e+02]

================================================================================
Logging results to Weights & Biases...
================================================================================
