Results over 10 successful repetitions:
================================================================================

================================================================================
MEAN RELATIVE L2 ERROR (across repetitions)
================================================================================

GP - Mean Relative L2 Error:
  Mean: 2.336878e-01
  Std:  6.223464e-03
  95% CI: ±3.857343e-03
  Range: [2.220558e-01, 2.416397e-01]

MLP - Mean Relative L2 Error:
  Mean: 2.428292e-01
  Std:  8.097467e-03
  95% CI: ±5.018862e-03
  Range: [2.307296e-01, 2.571988e-01]

SCaSML - Mean Relative L2 Error:
  Mean: 1.316649e-01
  Std:  4.023627e-03
  95% CI: ±2.493870e-03
  Range: [1.247190e-01, 1.362620e-01]

================================================================================
MEAN L1 ERROR (across repetitions)
================================================================================

GP - Mean L1 Error:
  Mean: 1.259964e-01
  Std:  1.996300e-03
  95% CI: ±1.237320e-03
  Range: [1.234072e-01, 1.300901e-01]

MLP - Mean L1 Error:
  Mean: 9.831120e-02
  Std:  1.810696e-03
  95% CI: ±1.122281e-03
  Range: [9.490812e-02, 1.013273e-01]

SCaSML - Mean L1 Error:
  Mean: 6.526350e-02
  Std:  1.353765e-03
  95% CI: ±8.390722e-04
  Range: [6.314613e-02, 6.692921e-02]

================================================================================
MEAN L2 ERROR (squared, across repetitions)
================================================================================

GP - Mean L2 Error:
  Mean: 2.150204e-02
  Std:  6.710913e-04
  95% CI: ±4.159467e-04
  Range: [2.048554e-02, 2.259039e-02]

MLP - Mean L2 Error:
  Mean: 2.323083e-02
  Std:  1.290529e-03
  95% CI: ±7.998780e-04
  Range: [2.132011e-02, 2.555612e-02]

SCaSML - Mean L2 Error:
  Mean: 6.826975e-03
  Std:  2.915044e-04
  95% CI: ±1.806763e-04
  Range: [6.337384e-03, 7.254987e-03]

================================================================================
STATISTICAL SIGNIFICANCE TESTS (Paired t-test)
================================================================================

Mean Relative L2 Error:
  GP vs SCaSML: t=101.813126, p=4.316135e-15
  MLP vs SCaSML: t=57.711776, p=7.090820e-13
  GP vs MLP: t=-4.377279, p=1.778148e-03

Mean L1 Error:
  GP vs SCaSML: t=150.487270, p=1.284302e-16
  MLP vs SCaSML: t=55.035364, p=1.085982e-12
  GP vs MLP: t=39.488659, p=2.130072e-11

Mean L2 Error:
  GP vs SCaSML: t=96.497142, p=6.990760e-15
  MLP vs SCaSML: t=43.993554, p=8.093318e-12
  GP vs MLP: t=-4.325539, p=1.917572e-03

================================================================================
TIMING STATISTICS
================================================================================

GP - Execution Time (seconds):
  Mean: 1.512951e+00
  Std:  1.752683e-01
  95% CI: ±1.086324e-01
  Range: [1.085486e+00, 1.757523e+00]

MLP - Execution Time (seconds):
  Mean: 2.683570e+01
  Std:  5.646290e+00
  95% CI: ±3.499607e+00
  Range: [2.150242e+01, 4.208698e+01]

SCaSML - Execution Time (seconds):
  Mean: 3.331198e+02
  Std:  1.367129e+01
  95% CI: ±8.473551e+00
  Range: [3.082315e+02, 3.477378e+02]

================================================================================
Logging results to Weights & Biases...
================================================================================
